\BOOKMARK [0][]{chapter*.5}{\376\377\000L\000i\000s\000t\000a\000\040\000d\000e\000\040\000F\000i\000g\000u\000r\000a\000s}{}% 1
\BOOKMARK [0][]{chapter*.6}{\376\377\000L\000i\000s\000t\000a\000\040\000d\000e\000\040\000T\000a\000b\000e\000l\000a\000s}{}% 2
\BOOKMARK [0][]{chapter.1}{\376\377\000I\000n\000t\000r\000o\000d\000u\000\347\000\343\000o}{}% 3
\BOOKMARK [1][]{section.1.1}{\376\377\000O\000b\000j\000e\000t\000i\000v\000o\000s}{chapter.1}% 4
\BOOKMARK [2][]{subsection.1.1.1}{\376\377\000O\000b\000j\000e\000t\000i\000v\000o\000\040\000G\000e\000r\000a\000l}{section.1.1}% 5
\BOOKMARK [2][]{subsection.1.1.2}{\376\377\000P\000a\000s\000s\000o\000s\000\040\000d\000e\000\040\000M\000e\000t\000o\000d\000o\000l\000o\000g\000i\000a}{section.1.1}% 6
\BOOKMARK [1][]{section.1.2}{\376\377\000J\000u\000s\000t\000i\000f\000i\000c\000a\000t\000i\000v\000a}{chapter.1}% 7
\BOOKMARK [0][]{chapter.2}{\376\377\000F\000u\000n\000d\000a\000m\000e\000n\000t\000o\000s\000\040\000e\000\040\000R\000e\000v\000i\000s\000\343\000o\000\040\000d\000e\000\040\000L\000i\000t\000e\000r\000a\000t\000u\000r\000a}{}% 8
\BOOKMARK [1][]{section.2.1}{\376\377\000Q\000u\000a\000l\000i\000d\000a\000d\000e\000\040\000d\000e\000\040\000S\000o\000f\000t\000w\000a\000r\000e}{chapter.2}% 9
\BOOKMARK [2][]{subsection.2.1.1}{\376\377\000Q\000u\000a\000l\000i\000d\000a\000d\000e\000\040\000d\000o\000\040\000P\000r\000o\000c\000e\000s\000s\000o}{section.2.1}% 10
\BOOKMARK [2][]{subsection.2.1.2}{\376\377\000Q\000u\000a\000l\000i\000d\000a\000d\000e\000\040\000d\000o\000\040\000P\000r\000o\000d\000u\000t\000o}{section.2.1}% 11
\BOOKMARK [1][]{section.2.2}{\376\377\000T\000e\000s\000t\000e\000s\000\040\000d\000e\000\040\000S\000o\000f\000t\000w\000a\000r\000e}{chapter.2}% 12
\BOOKMARK [2][]{subsection.2.2.1}{\376\377\000P\000l\000a\000n\000o\000\040\000d\000e\000\040\000T\000e\000s\000t\000e}{section.2.2}% 13
\BOOKMARK [2][]{subsection.2.2.2}{\376\377\000C\000a\000s\000o\000\040\000d\000e\000\040\000T\000e\000s\000t\000e}{section.2.2}% 14
\BOOKMARK [2][]{subsection.2.2.3}{\376\377\000T\000i\000p\000o\000s\000\040\000d\000e\000\040\000T\000e\000s\000t\000e}{section.2.2}% 15
\BOOKMARK [3][]{subsubsection.2.2.3.1}{\376\377\000T\000e\000s\000t\000e\000\040\000U\000n\000i\000t\000\341\000r\000i\000o}{subsection.2.2.3}% 16
\BOOKMARK [3][]{subsubsection.2.2.3.2}{\376\377\000T\000e\000s\000t\000e\000\040\000F\000u\000n\000c\000i\000o\000n\000a\000l}{subsection.2.2.3}% 17
\BOOKMARK [2][]{subsection.2.2.4}{\376\377\000E\000s\000t\000r\000a\000t\000\351\000g\000i\000a\000s\000\040\000d\000e\000\040\000T\000e\000s\000t\000e\000s}{section.2.2}% 18
\BOOKMARK [2][]{subsection.2.2.5}{\376\377\000T\000e\000s\000t\000e\000s\000\040\000d\000e\000\040\000S\000i\000s\000t\000e\000m\000a\000s\000\040\000W\000e\000b}{section.2.2}% 19
\BOOKMARK [1][]{section.2.3}{\376\377\000F\000e\000r\000r\000a\000m\000e\000n\000t\000a\000s\000\040\000p\000a\000r\000a\000\040\000T\000e\000s\000t\000e\000\040\000d\000e\000\040\000S\000o\000f\000t\000w\000a\000r\000e}{chapter.2}% 20
\BOOKMARK [2][]{subsection.2.3.1}{\376\377\000S\000e\000l\000e\000n\000i\000u\000m\000\040\000H\000Q}{section.2.3}% 21
\BOOKMARK [2][]{subsection.2.3.2}{\376\377\000C\000u\000c\000u\000m\000b\000e\000r}{section.2.3}% 22
\BOOKMARK [2][]{subsection.2.3.3}{\376\377\000J\000U\000n\000i\000t}{section.2.3}% 23
\BOOKMARK [1][]{section.2.4}{\376\377\000R\000e\000u\000s\000o\000\040\000d\000e\000\040\000T\000e\000s\000t\000e\000s}{chapter.2}% 24
\BOOKMARK [0][]{chapter.3}{\376\377\000D\000e\000s\000e\000n\000v\000o\000l\000v\000i\000m\000e\000n\000t\000o}{}% 25
\BOOKMARK [1][]{section.3.1}{\376\377\000D\000e\000l\000i\000m\000i\000t\000a\000\347\000\343\000o\000\040\000d\000e\000\040\000E\000s\000c\000o\000p\000o}{chapter.3}% 26
\BOOKMARK [1][]{section.3.2}{\376\377\000S\000o\000l\000u\000\347\000\343\000o\000\040\000p\000a\000r\000a\000\040\000T\000e\000s\000t\000e\000s\000\040\000U\000n\000i\000t\000\341\000r\000i\000o\000s\000\040\000c\000o\000m\000\040\000A\000n\000o\000t\000a\000\347\000\365\000e\000s\000\040\000e\000\040\000S\000e\000l\000e\000n\000i\000u\000m}{chapter.3}% 27
\BOOKMARK [2][]{subsection.3.2.1}{\376\377\000C\000l\000a\000s\000s\000e\000\040\000G\000e\000n\000\351\000r\000i\000c\000a\000\040\000d\000e\000\040\000T\000e\000s\000t\000e\000s}{section.3.2}% 28
\BOOKMARK [2][]{subsection.3.2.2}{\376\377\000I\000n\000t\000e\000r\000f\000a\000c\000e\000\040\000d\000e\000\040\000A\000n\000o\000t\000a\000\347\000\343\000o}{section.3.2}% 29
\BOOKMARK [2][]{subsection.3.2.3}{\376\377\000I\000n\000s\000e\000r\000\347\000\343\000o\000\040\000d\000a\000s\000\040\000A\000n\000o\000t\000a\000\347\000\365\000e\000s\000\040\000n\000o\000\040\000P\000r\000o\000j\000e\000t\000o}{section.3.2}% 30
\BOOKMARK [2][]{subsection.3.2.4}{\376\377\000D\000i\000s\000c\000u\000s\000s\000\343\000o\000\040\000S\000o\000b\000r\000e\000\040\000a\000\040\000S\000o\000l\000u\000\347\000\343\000o}{section.3.2}% 31
\BOOKMARK [1][]{section.3.3}{\376\377\000S\000o\000l\000u\000\347\000\343\000o\000\040\000p\000a\000r\000a\000\040\000T\000e\000s\000t\000e\000s\000\040\000F\000u\000n\000c\000i\000o\000n\000a\000i\000s\000\040\000c\000o\000m\000\040\000C\000u\000c\000u\000m\000b\000e\000r\000\040\000e\000\040\000S\000e\000l\000e\000n\000i\000u\000m}{chapter.3}% 32
\BOOKMARK [2][]{subsection.3.3.1}{\376\377\000C\000l\000a\000s\000s\000e\000\040\000G\000e\000n\000\351\000r\000i\000c\000a\000\040\000d\000e\000\040\000T\000e\000s\000t\000e\000s}{section.3.3}% 33
\BOOKMARK [2][]{subsection.3.3.2}{\376\377\000C\000l\000a\000s\000s\000e\000\040\000q\000u\000e\000\040\000D\000e\000s\000c\000r\000e\000v\000e\000\040\000S\000t\000e\000p\000s}{section.3.3}% 34
\BOOKMARK [2][]{subsection.3.3.3}{\376\377\000D\000e\000s\000c\000r\000i\000\347\000\343\000o\000\040\000d\000e\000\040\000C\000e\000n\000\341\000r\000i\000o\000s}{section.3.3}% 35
\BOOKMARK [2][]{subsection.3.3.4}{\376\377\000U\000t\000i\000l\000i\000z\000a\000n\000d\000o\000\040\000a\000\040\000M\000e\000s\000m\000a\000\040\000J\000a\000n\000e\000l\000a\000\040\000d\000o\000\040\000N\000a\000v\000e\000g\000a\000d\000o\000r\000\040\000p\000a\000r\000a\000\040\000E\000x\000e\000c\000u\000\347\000\343\000o\000\040\000d\000o\000s\000\040\000T\000e\000s\000t\000e\000s}{section.3.3}% 36
\BOOKMARK [2][]{subsection.3.3.5}{\376\377\000V\000a\000l\000i\000d\000a\000n\000d\000o\000\040\000S\000o\000l\000u\000\347\000\343\000o\000\040\000e\000m\000\040\000S\000i\000s\000t\000e\000m\000a\000s\000\040\000W\000e\000b}{section.3.3}% 37
\BOOKMARK [3][]{subsubsection.3.3.5.1}{\376\377\000A\000p\000l\000i\000c\000a\000n\000d\000o\000\040\000S\000o\000l\000u\000\347\000\343\000o\000\040\000n\000o\000\040\000S\000i\000s\000t\000e\000m\000a\000\040\000d\000e\000\040\000R\000e\000g\000i\000s\000t\000r\000o\000\040\000d\000e\000\040\000D\000i\000s\000c\000i\000p\000l\000i\000n\000a\000s\000\040\000C\000o\000m\000p\000l\000e\000m\000e\000n\000t\000a\000r\000e\000s}{subsection.3.3.5}% 38
\BOOKMARK [3][]{subsubsection.3.3.5.2}{\376\377\000A\000p\000l\000i\000c\000a\000n\000d\000o\000\040\000S\000o\000l\000u\000\347\000\343\000o\000\040\000n\000o\000\040\000S\000i\000s\000t\000e\000m\000a\000\040\000S\000I\000L\000A\000S\000\040\000B\000P\000M\000s}{subsection.3.3.5}% 39
\BOOKMARK [2][]{subsection.3.3.6}{\376\377\000C\000o\000n\000s\000i\000d\000e\000r\000a\000\347\000\365\000e\000s\000\040\000S\000o\000b\000r\000e\000\040\000a\000\040\000S\000o\000l\000u\000\347\000\343\000o\000\040\000C\000u\000c\000u\000m\000b\000e\000r\000\040\000+\000\040\000S\000e\000l\000e\000n\000i\000u\000m}{section.3.3}% 40
\BOOKMARK [1][]{section.3.4}{\376\377\000S\000o\000l\000u\000\347\000\343\000o\000\040\000p\000a\000r\000a\000\040\000T\000e\000s\000t\000e\000s\000\040\000F\000u\000n\000c\000i\000o\000n\000a\000i\000s\000\040\000c\000o\000m\000\040\000S\000e\000l\000e\000n\000i\000u\000m\000\040\000W\000e\000b\000D\000r\000i\000v\000e\000r}{chapter.3}% 41
\BOOKMARK [2][]{subsection.3.4.1}{\376\377\000C\000l\000a\000s\000s\000e\000s\000\040\000J\000a\000v\000a\000\040\000C\000o\000n\000t\000e\000n\000d\000o\000\040\000T\000e\000s\000t\000e\000s\000\040\000F\000u\000n\000c\000i\000o\000n\000a\000i\000s}{section.3.4}% 42
\BOOKMARK [2][]{subsection.3.4.2}{\376\377\000V\000a\000l\000i\000d\000a\000n\000d\000o\000\040\000S\000o\000l\000u\000\347\000\343\000o\000\040\000e\000m\000\040\000S\000i\000s\000t\000e\000m\000a\000s\000\040\000W\000e\000b}{section.3.4}% 43
\BOOKMARK [3][]{subsubsection.3.4.2.1}{\376\377\000A\000p\000l\000i\000c\000a\000n\000d\000o\000\040\000S\000o\000l\000u\000\347\000\343\000o\000\040\000n\000o\000\040\000S\000i\000s\000t\000e\000m\000a\000\040\000d\000e\000\040\000R\000e\000g\000i\000s\000t\000r\000o\000\040\000d\000e\000\040\000D\000i\000s\000c\000i\000p\000l\000i\000n\000a\000s\000\040\000C\000o\000m\000p\000l\000e\000m\000e\000n\000t\000a\000r\000e\000s}{subsection.3.4.2}% 44
\BOOKMARK [3][]{subsubsection.3.4.2.2}{\376\377\000A\000p\000l\000i\000c\000a\000n\000d\000o\000\040\000S\000o\000l\000u\000\347\000\343\000o\000\040\000n\000o\000\040\000S\000i\000s\000t\000e\000m\000a\000\040\000S\000I\000L\000A\000S\000\040\000B\000P\000M\000s}{subsection.3.4.2}% 45
\BOOKMARK [2][]{subsection.3.4.3}{\376\377\000C\000o\000n\000s\000i\000d\000e\000r\000a\000\347\000\365\000e\000s\000\040\000S\000o\000b\000r\000e\000\040\000a\000\040\000S\000o\000l\000u\000\347\000\343\000o\000\040\000S\000e\000l\000e\000n\000i\000u\000m\000\040\000W\000e\000b\000D\000r\000i\000v\000e\000r}{section.3.4}% 46
\BOOKMARK [0][]{chapter.4}{\376\377\000R\000e\000s\000u\000l\000t\000a\000d\000o\000s}{}% 47
\BOOKMARK [1][]{section.4.1}{\376\377\000C\000o\000m\000p\000a\000r\000a\000n\000d\000o\000\040\000A\000b\000o\000r\000d\000a\000g\000e\000n\000s\000\040\000F\000u\000n\000c\000i\000o\000n\000a\000i\000s}{chapter.4}% 48
\BOOKMARK [1][]{section.4.2}{\376\377\000C\000o\000m\000p\000a\000r\000a\000n\000d\000o\000\040\000a\000s\000\040\000T\000r\000\352\000s\000\040\000S\000o\000l\000u\000\347\000\365\000e\000s\000\040\000P\000r\000o\000p\000o\000s\000t\000a\000s}{chapter.4}% 49
\BOOKMARK [0][]{chapter.5}{\376\377\000C\000o\000n\000c\000l\000u\000s\000\343\000o}{}% 50
\BOOKMARK [0][]{chapter*.28}{\376\377\000R\000e\000f\000e\000r\000\352\000n\000c\000i\000a\000s}{}% 51
